<?xml version="1.0" encoding="UTF-8"?>
<!-- Generated by org.testng.reporters.JUnitReportReporter -->
<testsuite hostname="DESKTOP-LP3SET9" failures="0" tests="1" name="com.atmosol.www.BookTicketTest" time="12.523" errors="0" timestamp="2023-06-29T13:27:46 IST" skipped="0">
  <testcase classname="com.atmosol.www.BookTicketTest" name="bookTicketTest" time="12.523"/>
  <system-out/>
</testsuite> <!-- com.atmosol.www.BookTicketTest -->
